<?xml version="1.0" encoding="UTF-8"?>
<testsuite name="solutions.desperate.glicko.StatusApiTest" tests="1" skipped="0" failures="0" errors="0" timestamp="2018-03-24T23:33:10" hostname="SSSJJJ-PC" time="0.12">
  <properties/>
  <testcase name="Status api returns ok" classname="solutions.desperate.glicko.StatusApiTest" time="0.12"/>
  <system-out><![CDATA[00:33:10.082 [Test worker] INFO  org.mongodb.driver.cluster - Cluster created with settings {hosts=[docker:27017], mode=SINGLE, requiredClusterType=UNKNOWN, serverSelectionTimeout='30000 ms', maxWaitQueueSize=500}
00:33:10.094 [cluster-ClusterId{value='5ab6e036eaba702b4ce902bd', description='null'}-docker:27017] INFO  org.mongodb.driver.connection - Opened connection [connectionId{localValue:2, serverValue:22}] to docker:27017
00:33:10.096 [cluster-ClusterId{value='5ab6e036eaba702b4ce902bd', description='null'}-docker:27017] INFO  org.mongodb.driver.cluster - Monitor thread successfully connected to server with description ServerDescription{address=docker:27017, type=STANDALONE, state=CONNECTED, ok=true, version=ServerVersion{versionList=[3, 6, 3]}, minWireVersion=0, maxWireVersion=6, maxDocumentSize=16777216, logicalSessionTimeoutMinutes=30, roundTripTimeNanos=992568}
00:33:10.097 [Test worker] INFO  org.reflections.Reflections - Reflections took 13 ms to scan 1 urls, producing 67 keys and 86 values 
00:33:10.127 [Test worker] INFO  org.eclipse.jetty.server.Server - jetty-9.4.8.v20171121, build timestamp: 2017-11-21T22:27:37+01:00, git hash: 82b8fb23f757335bb3329d540ce37a2a2615f0a8
00:33:10.128 [Test worker] INFO  o.e.j.server.handler.ContextHandler - Started o.e.j.s.h.ContextHandler@4638208b{/doc,null,AVAILABLE}
00:33:10.185 [Test worker] INFO  o.e.j.server.handler.ContextHandler - Started o.e.j.s.ServletContextHandler@b961fbc{/,null,AVAILABLE}
00:33:10.190 [Test worker] INFO  o.e.jetty.server.AbstractConnector - Started ServerConnector@56994007{HTTP/1.1,[http/1.1]}{0.0.0.0:18527}
00:33:10.190 [Test worker] INFO  org.eclipse.jetty.server.Server - Started @2361ms
]]></system-out>
  <system-err><![CDATA[]]></system-err>
</testsuite>
