<?xml version="1.0" encoding="UTF-8"?>
<testsuite name="solutions.desperate.glicko.GlickoTestApp" tests="0" skipped="0" failures="0" errors="0" timestamp="1970-01-01T00:00:00" hostname="SSSJJJ-PC" time="0.0">
  <properties/>
  <system-out><![CDATA[00:33:09.075 [Test worker] INFO  org.mongodb.driver.cluster - Cluster created with settings {hosts=[docker:27017], mode=SINGLE, requiredClusterType=UNKNOWN, serverSelectionTimeout='30000 ms', maxWaitQueueSize=500}
00:33:09.116 [cluster-ClusterId{value='5ab6e035eaba702b4ce902bc', description='null'}-docker:27017] INFO  org.mongodb.driver.connection - Opened connection [connectionId{localValue:1, serverValue:21}] to docker:27017
00:33:09.119 [cluster-ClusterId{value='5ab6e035eaba702b4ce902bc', description='null'}-docker:27017] INFO  org.mongodb.driver.cluster - Monitor thread successfully connected to server with description ServerDescription{address=docker:27017, type=STANDALONE, state=CONNECTED, ok=true, version=ServerVersion{versionList=[3, 6, 3]}, minWireVersion=0, maxWireVersion=6, maxDocumentSize=16777216, logicalSessionTimeoutMinutes=30, roundTripTimeNanos=1673104}
00:33:09.220 [Test worker] INFO  org.reflections.Reflections - Reflections took 40 ms to scan 1 urls, producing 67 keys and 86 values 
00:33:09.510 [Test worker] INFO  org.eclipse.jetty.util.log - Logging initialized @1680ms to org.eclipse.jetty.util.log.Slf4jLog
00:33:09.605 [Test worker] INFO  org.eclipse.jetty.server.Server - jetty-9.4.8.v20171121, build timestamp: 2017-11-21T22:27:37+01:00, git hash: 82b8fb23f757335bb3329d540ce37a2a2615f0a8
00:33:09.622 [Test worker] INFO  o.e.j.server.handler.ContextHandler - Started o.e.j.s.h.ContextHandler@4c515dae{/doc,null,AVAILABLE}
00:33:10.043 [Test worker] INFO  o.e.j.server.handler.ContextHandler - Started o.e.j.s.ServletContextHandler@524342b0{/,null,AVAILABLE}
00:33:10.062 [Test worker] INFO  o.e.jetty.server.AbstractConnector - Started ServerConnector@11e93513{HTTP/1.1,[http/1.1]}{0.0.0.0:13471}
00:33:10.062 [Test worker] INFO  org.eclipse.jetty.server.Server - Started @2233ms
]]></system-out>
  <system-err><![CDATA[Mar 25, 2018 12:33:09 AM org.mongodb.morphia.logging.MorphiaLoggerFactory chooseLoggerFactory
INFO: LoggerImplFactory set to org.mongodb.morphia.logging.jdk.JDKLoggerFactory
]]></system-err>
</testsuite>
